<?xml version="1.0" encoding="UTF-8"?>
<testsuite name="MinesweeperTest" tests="3" skipped="0" failures="0" errors="0" timestamp="2020-01-17T02:31:45" hostname="C02Y308YJG5J" time="0.003">
  <properties/>
  <testcase name="whenDifficultyIsFourColumnsEqualFour" classname="MinesweeperTest" time="0.001"/>
  <testcase name="testMinesweeper" classname="MinesweeperTest" time="0.002"/>
  <testcase name="whenDifficultyIsFourRowsEqualFour" classname="MinesweeperTest" time="0.0"/>
  <system-out><![CDATA[]]></system-out>
  <system-err><![CDATA[]]></system-err>
</testsuite>
